2025-04-04 07:46:28.019324 - Received CBT.V508.FILE315.PDS from FILE315.XMI 
2025-04-04 07:46:28.021286 - Found $$$#DATE.txt (text/plain) in CBT.V508.FILE315.PDS, moved to PDS/$$$#DATE
2025-04-04 07:46:28.021459 - Found $DOC.txt (text/plain) in CBT.V508.FILE315.PDS, moved to PDS/$DOC
2025-04-04 07:46:28.021614 - Found @FILE315.txt (text/plain) in CBT.V508.FILE315.PDS, moved to PDS/@FILE315
2025-04-04 07:46:28.021735 - Found BITMAP.txt (text/plain) in CBT.V508.FILE315.PDS, moved to PDS/BITMAP
2025-04-04 07:46:28.021855 - Found BMSS.txt (text/plain) in CBT.V508.FILE315.PDS, moved to PDS/BMSS
2025-04-04 07:46:28.021979 - Found BOMB.txt (text/plain) in CBT.V508.FILE315.PDS, moved to PDS/BOMB
2025-04-04 07:46:28.022108 - Found COBDB2.jcl (text/plain) in CBT.V508.FILE315.PDS, moved to PDS/COBDB2
2025-04-04 07:46:28.022247 - Found COB1.txt (text/plain) in CBT.V508.FILE315.PDS, moved to PDS/COB1
2025-04-04 07:46:28.022375 - Found COB2.txt (text/plain) in CBT.V508.FILE315.PDS, moved to PDS/COB2
2025-04-04 07:46:28.022575 - Found COB370.jcl (text/plain) in CBT.V508.FILE315.PDS, moved to PDS/COB370
2025-04-04 07:46:28.022716 - Found COPYANY.txt (text/plain) in CBT.V508.FILE315.PDS, moved to PDS/COPYANY
2025-04-04 07:46:28.022849 - Found CPUID.txt (text/plain) in CBT.V508.FILE315.PDS, moved to PDS/CPUID
2025-04-04 07:46:28.022967 - Found CSTRACE.txt (text/plain) in CBT.V508.FILE315.PDS, moved to PDS/CSTRACE
2025-04-04 07:46:28.023102 - Found CVD.txt (text/plain) in CBT.V508.FILE315.PDS, moved to PDS/CVD
2025-04-04 07:46:28.023218 - Found CVX.txt (text/plain) in CBT.V508.FILE315.PDS, moved to PDS/CVX
2025-04-04 07:46:28.023998 - Found DBALPHA.txt (text/plain) in CBT.V508.FILE315.PDS, moved to PDS/DBALPHA
2025-04-04 07:46:28.024113 - Found DBWAIT.txt (text/plain) in CBT.V508.FILE315.PDS, moved to PDS/DBWAIT
2025-04-04 07:46:28.024232 - Found DDCHECK.txt (text/plain) in CBT.V508.FILE315.PDS, moved to PDS/DDCHECK
2025-04-04 07:46:28.024357 - Found DRIVER.jcl (text/plain) in CBT.V508.FILE315.PDS, moved to PDS/DRIVER
2025-04-04 07:46:28.024449 - Found DYNALC.x-empty (application/x-empty) in CBT.V508.FILE315.PDS, moved to PDS/DYNALC
2025-04-04 07:46:28.024595 - Found DYNAM.txt (text/plain) in CBT.V508.FILE315.PDS, moved to PDS/DYNAM
2025-04-04 07:46:28.024714 - Found ERASER.txt (text/plain) in CBT.V508.FILE315.PDS, moved to PDS/ERASER
2025-04-04 07:46:28.024833 - Found FLATLIB.txt (text/plain) in CBT.V508.FILE315.PDS, moved to PDS/FLATLIB
2025-04-04 07:46:28.024952 - Found HLASM.jcl (text/plain) in CBT.V508.FILE315.PDS, moved to PDS/HLASM
2025-04-04 07:46:28.025071 - Found JC.jcl (text/plain) in CBT.V508.FILE315.PDS, moved to PDS/JC
2025-04-04 07:46:28.025196 - Found LNKLST00.jcl (text/plain) in CBT.V508.FILE315.PDS, moved to PDS/LNKLST00
2025-04-04 07:46:28.025314 - Found MEMLIST.txt (text/plain) in CBT.V508.FILE315.PDS, moved to PDS/MEMLIST
2025-04-04 07:46:28.025443 - Found MIGRATOR.txt (text/plain) in CBT.V508.FILE315.PDS, moved to PDS/MIGRATOR
2025-04-04 07:46:28.025575 - Found NATSUB.txt (text/plain) in CBT.V508.FILE315.PDS, moved to PDS/NATSUB
2025-04-04 07:46:28.025687 - Found PARSIFAL.txt (text/plain) in CBT.V508.FILE315.PDS, moved to PDS/PARSIFAL
2025-04-04 07:46:28.025801 - Found PLI370.jcl (text/plain) in CBT.V508.FILE315.PDS, moved to PDS/PLI370
2025-04-04 07:46:28.025918 - Found QDUMP80.txt (text/plain) in CBT.V508.FILE315.PDS, moved to PDS/QDUMP80
2025-04-04 07:46:28.026042 - Found RBITMAP.jcl (text/plain) in CBT.V508.FILE315.PDS, moved to PDS/RBITMAP
2025-04-04 07:46:28.026154 - Found RBMSS.jcl (text/plain) in CBT.V508.FILE315.PDS, moved to PDS/RBMSS
2025-04-04 07:46:28.026262 - Found RCOBXREF.jcl (text/plain) in CBT.V508.FILE315.PDS, moved to PDS/RCOBXREF
2025-04-04 07:46:28.026374 - Found RCOPYANY.jcl (text/plain) in CBT.V508.FILE315.PDS, moved to PDS/RCOPYANY
2025-04-04 07:46:28.026493 - Found RCPUID.jcl (text/plain) in CBT.V508.FILE315.PDS, moved to PDS/RCPUID
2025-04-04 07:46:28.026609 - Found RDBALPHA.jcl (text/plain) in CBT.V508.FILE315.PDS, moved to PDS/RDBALPHA
2025-04-04 07:46:28.026721 - Found RDBWAIT.jcl (text/plain) in CBT.V508.FILE315.PDS, moved to PDS/RDBWAIT
2025-04-04 07:46:28.026837 - Found REGS.txt (text/plain) in CBT.V508.FILE315.PDS, moved to PDS/REGS
2025-04-04 07:46:28.026947 - Found RERASER.jcl (text/plain) in CBT.V508.FILE315.PDS, moved to PDS/RERASER
2025-04-04 07:46:28.027053 - Found RFLATLIB.jcl (text/plain) in CBT.V508.FILE315.PDS, moved to PDS/RFLATLIB
2025-04-04 07:46:28.027161 - Found RMIGR.jcl (text/plain) in CBT.V508.FILE315.PDS, moved to PDS/RMIGR
2025-04-04 07:46:28.027268 - Found RNATSUB.jcl (text/plain) in CBT.V508.FILE315.PDS, moved to PDS/RNATSUB
2025-04-04 07:46:28.027375 - Found RQDUMP80.jcl (text/plain) in CBT.V508.FILE315.PDS, moved to PDS/RQDUMP80
2025-04-04 07:46:28.027506 - Found RSLEEPY.jcl (text/plain) in CBT.V508.FILE315.PDS, moved to PDS/RSLEEPY
2025-04-04 07:46:28.027636 - Found RTODAY.jcl (text/plain) in CBT.V508.FILE315.PDS, moved to PDS/RTODAY
2025-04-04 07:46:28.027740 - Found RVOLLIE.jcl (text/plain) in CBT.V508.FILE315.PDS, moved to PDS/RVOLLIE
2025-04-04 07:46:28.027845 - Found RVSAMZAP.jcl (text/plain) in CBT.V508.FILE315.PDS, moved to PDS/RVSAMZAP
2025-04-04 07:46:28.027957 - Found SLEEPY.txt (text/plain) in CBT.V508.FILE315.PDS, moved to PDS/SLEEPY
2025-04-04 07:46:28.028079 - Found TODAY.txt (text/plain) in CBT.V508.FILE315.PDS, moved to PDS/TODAY
2025-04-04 07:46:28.028191 - Found VOLLIE.jcl (text/plain) in CBT.V508.FILE315.PDS, moved to PDS/VOLLIE
2025-04-04 07:46:28.028313 - Found VSAMZAP.txt (text/plain) in CBT.V508.FILE315.PDS, moved to PDS/VSAMZAP
